<?xml version="1.0" encoding="UTF-8"?>
<testng-results ignored="0" total="1" passed="1" failed="0" skipped="0">
  <reporter-output>
  </reporter-output>
  <suite started-at="2022-11-01T11:16:50 IST" name="Default suite" finished-at="2022-11-01T11:17:07 IST" duration-ms="16839">
    <groups>
    </groups>
    <test started-at="2022-11-01T11:16:50 IST" name="Default test" finished-at="2022-11-01T11:17:07 IST" duration-ms="16839">
      <class name="com.qa.selenium.BrokenLinks">
        <test-method is-config="true" signature="setup(java.lang.String)[pri:0, instance:com.qa.selenium.BrokenLinks@6cd28fa7]" started-at="2022-11-01T11:16:51 IST" name="setup" finished-at="2022-11-01T11:16:53 IST" duration-ms="2076" status="PASS">
          <params>
            <param index="0">
              <value>
                <![CDATA[chrome]]>
              </value>
            </param>
          </params>
          <reporter-output>
          </reporter-output>
        </test-method> <!-- setup -->
        <test-method signature="getBroken()[pri:0, instance:com.qa.selenium.BrokenLinks@6cd28fa7]" started-at="2022-11-01T11:16:53 IST" name="getBroken" finished-at="2022-11-01T11:17:07 IST" duration-ms="14445" status="PASS">
          <reporter-output>
          </reporter-output>
        </test-method> <!-- getBroken -->
        <test-method is-config="true" signature="teardown()[pri:0, instance:com.qa.selenium.BrokenLinks@6cd28fa7]" started-at="2022-11-01T11:17:07 IST" name="teardown" finished-at="2022-11-01T11:17:07 IST" duration-ms="293" status="PASS">
          <reporter-output>
          </reporter-output>
        </test-method> <!-- teardown -->
      </class> <!-- com.qa.selenium.BrokenLinks -->
    </test> <!-- Default test -->
  </suite> <!-- Default suite -->
</testng-results>
